<?xml version="1.0" encoding="UTF-8"?>
<!-- Generated by org.testng.reporters.JUnitXMLReporter -->
<testsuite ignored="0" hostname="KCs-Life" failures="0" tests="4" name="Add New Customer Test" time="1.898" errors="0" timestamp="2024-07-02T19:38:49 BST">
  <testcase classname="testcases.addNewCustomerTest" name="AddNewCustomerTest" time="0.845"/>
  <testcase classname="testcases.addNewCustomerTest" name="AddNewCustomerTest" time="0.239"/>
  <testcase classname="testcases.addNewCustomerTest" name="AddNewCustomerTest" time="0.245"/>
  <testcase classname="testcases.addNewCustomerTest" name="AddNewCustomerTest" time="0.001">
    <skipped/>
  </testcase> <!-- AddNewCustomerTest -->
</testsuite> <!-- Add New Customer Test -->
