<?xml version="1.0" encoding="UTF-8"?>
<!-- Generated by org.testng.reporters.JUnitXMLReporter -->
<testsuite ignored="0" hostname="KCs-Life" failures="0" tests="4" name="Add New Customer Test" time="2.333" errors="0" timestamp="2024-07-05T01:02:31 BST">
  <testcase classname="testcases.addNewCustomerTest" name="AddNewCustomerTest" time="0.891"/>
  <testcase classname="testcases.addNewCustomerTest" name="AddNewCustomerTest" time="0.265"/>
  <testcase classname="testcases.addNewCustomerTest" name="AddNewCustomerTest" time="0.261"/>
  <testcase classname="testcases.addNewCustomerTest" name="AddNewCustomerTest" time="0.249"/>
</testsuite> <!-- Add New Customer Test -->
