<?xml version="1.0" encoding="UTF-8"?>
<!-- Generated by org.testng.reporters.JUnitXMLReporter -->
<testsuite ignored="0" hostname="KCs-Life" failures="0" tests="3" name="Customer Login Test" time="7.162" errors="0" timestamp="2024-07-04T00:02:13 BST">
  <testcase classname="testcases.customerLoginTest" name="NavigateToHomeScreenTest" time="0.061"/>
  <testcase classname="testcases.customerLoginTest" name="custLoginTest" time="3.676"/>
  <testcase classname="testcases.customerLoginTest" name="successfulCustomerLoginTest" time="3.033"/>
</testsuite> <!-- Customer Login Test -->
