<?xml version="1.0" encoding="UTF-8"?>
<!-- Generated by org.testng.reporters.JUnitXMLReporter -->
<testsuite ignored="0" hostname="KCs-Life" failures="0" tests="2" name="Validate Customer Entry Test" time="1.264" errors="0" timestamp="2024-07-02T19:38:51 BST">
  <testcase classname="testcases.ValidateCustomerEntryTest" name="customerEnteredExistanceTest" time="0.785"/>
  <testcase classname="testcases.ValidateCustomerEntryTest" name="searchBoxWorkingTest" time="0.101"/>
</testsuite> <!-- Validate Customer Entry Test -->
