<?xml version="1.0" encoding="UTF-8"?>
<!-- Generated by org.testng.reporters.JUnitXMLReporter -->
<testsuite ignored="0" hostname="KCs-Life" failures="0" tests="2" name="Validate Customer Entry Test" time="2.063" errors="0" timestamp="2024-07-04T22:03:34 BST">
  <testcase classname="testcases.ValidateCustomerEntryTest" name="customerEnteredExistanceTest" time="1.45"/>
  <testcase classname="testcases.ValidateCustomerEntryTest" name="searchBoxWorkingTest" time="0.12"/>
</testsuite> <!-- Validate Customer Entry Test -->
