<?xml version="1.0" encoding="UTF-8"?>
<testng-results ignored="0" total="23" passed="23" failed="0" skipped="0">
  <reporter-output>
    <line>
      <![CDATA[Screenshot Evidence]]>
    </line>
    <line>
      <![CDATA[<br>]]>
    </line>
    <line>
      <![CDATA[<a href=Fri_Jul_05_01_02_29_BST_2024.jpg  target="_blank" >Screenshot</a>]]>
    </line>
    <line>
      <![CDATA[Screenshot Evidence]]>
    </line>
    <line>
      <![CDATA[<br>]]>
    </line>
    <line>
      <![CDATA[<a href=Fri_Jul_05_01_02_30_BST_2024.jpg  target="_blank" >Screenshot</a>]]>
    </line>
    <line>
      <![CDATA[Screenshot Evidence]]>
    </line>
    <line>
      <![CDATA[<br>]]>
    </line>
    <line>
      <![CDATA[<a href=Fri_Jul_05_01_02_30_BST_2024.jpg  target="_blank" >Screenshot</a>]]>
    </line>
    <line>
      <![CDATA[Screenshot Evidence]]>
    </line>
    <line>
      <![CDATA[<br>]]>
    </line>
    <line>
      <![CDATA[<a href=Fri_Jul_05_01_02_31_BST_2024.jpg  target="_blank" >Screenshot</a>]]>
    </line>
    <line>
      <![CDATA[Screenshot Evidence]]>
    </line>
    <line>
      <![CDATA[<br>]]>
    </line>
    <line>
      <![CDATA[<a href=Fri_Jul_05_01_02_31_BST_2024.jpg  target="_blank" >Screenshot</a>]]>
    </line>
    <line>
      <![CDATA[Screenshot Evidence]]>
    </line>
    <line>
      <![CDATA[<br>]]>
    </line>
    <line>
      <![CDATA[<a href=Fri_Jul_05_01_02_32_BST_2024.jpg  target="_blank" >Screenshot</a>]]>
    </line>
    <line>
      <![CDATA[Screenshot Evidence]]>
    </line>
    <line>
      <![CDATA[<br>]]>
    </line>
    <line>
      <![CDATA[<a href=Fri_Jul_05_01_02_33_BST_2024.jpg  target="_blank" >Screenshot</a>]]>
    </line>
    <line>
      <![CDATA[Screenshot Evidence]]>
    </line>
    <line>
      <![CDATA[<br>]]>
    </line>
    <line>
      <![CDATA[<a href=Fri_Jul_05_01_02_33_BST_2024.jpg  target="_blank" >Screenshot</a>]]>
    </line>
    <line>
      <![CDATA[Screenshot Evidence]]>
    </line>
    <line>
      <![CDATA[<br>]]>
    </line>
    <line>
      <![CDATA[<a href=Fri_Jul_05_01_02_33_BST_2024.jpg  target="_blank" >Screenshot</a>]]>
    </line>
    <line>
      <![CDATA[Screenshot Evidence]]>
    </line>
    <line>
      <![CDATA[<br>]]>
    </line>
    <line>
      <![CDATA[<a href=Fri_Jul_05_01_02_37_BST_2024.jpg  target="_blank" >Screenshot</a>]]>
    </line>
    <line>
      <![CDATA[Screenshot Evidence]]>
    </line>
    <line>
      <![CDATA[<br>]]>
    </line>
    <line>
      <![CDATA[<a href=Fri_Jul_05_01_02_40_BST_2024.jpg  target="_blank" >Screenshot</a>]]>
    </line>
    <line>
      <![CDATA[Screenshot Evidence]]>
    </line>
    <line>
      <![CDATA[<br>]]>
    </line>
    <line>
      <![CDATA[<a href=Fri_Jul_05_01_02_42_BST_2024.jpg  target="_blank" >Screenshot</a>]]>
    </line>
    <line>
      <![CDATA[Screenshot Evidence]]>
    </line>
    <line>
      <![CDATA[<br>]]>
    </line>
    <line>
      <![CDATA[<a href=Fri_Jul_05_01_02_43_BST_2024.jpg  target="_blank" >Screenshot</a>]]>
    </line>
    <line>
      <![CDATA[Screenshot Evidence]]>
    </line>
    <line>
      <![CDATA[<br>]]>
    </line>
    <line>
      <![CDATA[<a href=Fri_Jul_05_01_02_44_BST_2024.jpg  target="_blank" >Screenshot</a>]]>
    </line>
    <line>
      <![CDATA[Screenshot Evidence]]>
    </line>
    <line>
      <![CDATA[<br>]]>
    </line>
    <line>
      <![CDATA[<a href=Fri_Jul_05_01_02_44_BST_2024.jpg  target="_blank" >Screenshot</a>]]>
    </line>
    <line>
      <![CDATA[Screenshot Evidence]]>
    </line>
    <line>
      <![CDATA[<br>]]>
    </line>
    <line>
      <![CDATA[<a href=Fri_Jul_05_01_02_44_BST_2024.jpg  target="_blank" >Screenshot</a>]]>
    </line>
    <line>
      <![CDATA[Screenshot Evidence]]>
    </line>
    <line>
      <![CDATA[<br>]]>
    </line>
    <line>
      <![CDATA[<a href=Fri_Jul_05_01_02_45_BST_2024.jpg  target="_blank" >Screenshot</a>]]>
    </line>
    <line>
      <![CDATA[Screenshot Evidence]]>
    </line>
    <line>
      <![CDATA[<br>]]>
    </line>
    <line>
      <![CDATA[<a href=Fri_Jul_05_01_02_45_BST_2024.jpg  target="_blank" >Screenshot</a>]]>
    </line>
    <line>
      <![CDATA[Screenshot Evidence]]>
    </line>
    <line>
      <![CDATA[<br>]]>
    </line>
    <line>
      <![CDATA[<a href=Fri_Jul_05_01_02_45_BST_2024.jpg  target="_blank" >Screenshot</a>]]>
    </line>
    <line>
      <![CDATA[Screenshot Evidence]]>
    </line>
    <line>
      <![CDATA[<br>]]>
    </line>
    <line>
      <![CDATA[<a href=Fri_Jul_05_01_03_01_BST_2024.jpg  target="_blank" >Screenshot</a>]]>
    </line>
    <line>
      <![CDATA[Screenshot Evidence]]>
    </line>
    <line>
      <![CDATA[<br>]]>
    </line>
    <line>
      <![CDATA[<a href=Fri_Jul_05_01_03_01_BST_2024.jpg  target="_blank" >Screenshot</a>]]>
    </line>
    <line>
      <![CDATA[Screenshot Evidence]]>
    </line>
    <line>
      <![CDATA[<br>]]>
    </line>
    <line>
      <![CDATA[<a href=Fri_Jul_05_01_03_01_BST_2024.jpg  target="_blank" >Screenshot</a>]]>
    </line>
    <line>
      <![CDATA[Screenshot Evidence]]>
    </line>
    <line>
      <![CDATA[<br>]]>
    </line>
    <line>
      <![CDATA[<a href=Fri_Jul_05_01_03_02_BST_2024.jpg  target="_blank" >Screenshot</a>]]>
    </line>
  </reporter-output>
  <suite started-at="2024-07-05T01:02:27 BST" name="XYZ Bank Portal Test Suite" finished-at="2024-07-05T01:03:02 BST" duration-ms="35142">
    <groups>
    </groups>
    <test started-at="2024-07-05T01:02:27 BST" name="Bank Manager Login Test" finished-at="2024-07-05T01:02:29 BST" duration-ms="1888">
      <class name="testcases.BankManagerLoginTest">
        <test-method signature="loginAsBankManager()[pri:0, instance:testcases.BankManagerLoginTest@7a11c4c7]" started-at="2024-07-05T01:02:27 BST" name="loginAsBankManager" finished-at="2024-07-05T01:02:28 BST" duration-ms="1693" status="PASS">
          <reporter-output>
            <line>
              <![CDATA[Screenshot Evidence]]>
            </line>
            <line>
              <![CDATA[<br>]]>
            </line>
            <line>
              <![CDATA[<a href=Fri_Jul_05_01_02_29_BST_2024.jpg  target="_blank" >Screenshot</a>]]>
            </line>
          </reporter-output>
        </test-method> <!-- loginAsBankManager -->
      </class> <!-- testcases.BankManagerLoginTest -->
    </test> <!-- Bank Manager Login Test -->
    <test started-at="2024-07-05T01:02:29 BST" name="Add New Customer Test" finished-at="2024-07-05T01:02:31 BST" duration-ms="2333">
      <class name="testcases.addNewCustomerTest">
        <test-method signature="AddNewCustomerTest(java.util.Hashtable)[pri:0, instance:testcases.addNewCustomerTest@5b800468]" started-at="2024-07-05T01:02:29 BST" name="AddNewCustomerTest" data-provider="dp" finished-at="2024-07-05T01:02:29 BST" duration-ms="891" status="PASS">
          <params>
            <param index="0">
              <value>
                <![CDATA[{alerttext=Customer added successfully, postcode=abcd334, Runmode=Y, lastname=Chakraborty, firstname=Kuntal}]]>
              </value>
            </param>
          </params>
          <reporter-output>
            <line>
              <![CDATA[Screenshot Evidence]]>
            </line>
            <line>
              <![CDATA[<br>]]>
            </line>
            <line>
              <![CDATA[<a href=Fri_Jul_05_01_02_30_BST_2024.jpg  target="_blank" >Screenshot</a>]]>
            </line>
          </reporter-output>
        </test-method> <!-- AddNewCustomerTest -->
        <test-method signature="AddNewCustomerTest(java.util.Hashtable)[pri:0, instance:testcases.addNewCustomerTest@5b800468]" started-at="2024-07-05T01:02:30 BST" name="AddNewCustomerTest" data-provider="dp" finished-at="2024-07-05T01:02:30 BST" duration-ms="265" status="PASS">
          <params>
            <param index="0">
              <value>
                <![CDATA[{alerttext=Customer added successfully, postcode=ABCDHS78, Runmode=Y, lastname=Roy, firstname=Rahul}]]>
              </value>
            </param>
          </params>
          <reporter-output>
            <line>
              <![CDATA[Screenshot Evidence]]>
            </line>
            <line>
              <![CDATA[<br>]]>
            </line>
            <line>
              <![CDATA[<a href=Fri_Jul_05_01_02_30_BST_2024.jpg  target="_blank" >Screenshot</a>]]>
            </line>
          </reporter-output>
        </test-method> <!-- AddNewCustomerTest -->
        <test-method signature="AddNewCustomerTest(java.util.Hashtable)[pri:0, instance:testcases.addNewCustomerTest@5b800468]" started-at="2024-07-05T01:02:30 BST" name="AddNewCustomerTest" data-provider="dp" finished-at="2024-07-05T01:02:30 BST" duration-ms="261" status="PASS">
          <params>
            <param index="0">
              <value>
                <![CDATA[{alerttext=Customer added successfully, postcode=bhsuj89, Runmode=Y, lastname=Agarwal, firstname=Rounak}]]>
              </value>
            </param>
          </params>
          <reporter-output>
            <line>
              <![CDATA[Screenshot Evidence]]>
            </line>
            <line>
              <![CDATA[<br>]]>
            </line>
            <line>
              <![CDATA[<a href=Fri_Jul_05_01_02_31_BST_2024.jpg  target="_blank" >Screenshot</a>]]>
            </line>
          </reporter-output>
        </test-method> <!-- AddNewCustomerTest -->
        <test-method signature="AddNewCustomerTest(java.util.Hashtable)[pri:0, instance:testcases.addNewCustomerTest@5b800468]" started-at="2024-07-05T01:02:31 BST" name="AddNewCustomerTest" data-provider="dp" finished-at="2024-07-05T01:02:31 BST" duration-ms="249" status="PASS">
          <params>
            <param index="0">
              <value>
                <![CDATA[{alerttext=Customer added successfully, postcode=AHBKS89, Runmode=Y, lastname=Singh, firstname=Sapnish}]]>
              </value>
            </param>
          </params>
          <reporter-output>
            <line>
              <![CDATA[Screenshot Evidence]]>
            </line>
            <line>
              <![CDATA[<br>]]>
            </line>
            <line>
              <![CDATA[<a href=Fri_Jul_05_01_02_31_BST_2024.jpg  target="_blank" >Screenshot</a>]]>
            </line>
          </reporter-output>
        </test-method> <!-- AddNewCustomerTest -->
      </class> <!-- testcases.addNewCustomerTest -->
    </test> <!-- Add New Customer Test -->
    <test started-at="2024-07-05T01:02:31 BST" name="Open Account Test" finished-at="2024-07-05T01:02:32 BST" duration-ms="909">
      <class name="testcases.openAccountTest">
        <test-method signature="OpenAccountTest(java.util.Hashtable)[pri:0, instance:testcases.openAccountTest@407cf41]" started-at="2024-07-05T01:02:31 BST" name="OpenAccountTest" data-provider="dp" finished-at="2024-07-05T01:02:32 BST" duration-ms="745" status="PASS">
          <params>
            <param index="0">
              <value>
                <![CDATA[{lastname=Chakraborty, firstname=Kuntal}]]>
              </value>
            </param>
          </params>
          <reporter-output>
            <line>
              <![CDATA[Screenshot Evidence]]>
            </line>
            <line>
              <![CDATA[<br>]]>
            </line>
            <line>
              <![CDATA[<a href=Fri_Jul_05_01_02_32_BST_2024.jpg  target="_blank" >Screenshot</a>]]>
            </line>
          </reporter-output>
        </test-method> <!-- OpenAccountTest -->
      </class> <!-- testcases.openAccountTest -->
    </test> <!-- Open Account Test -->
    <test started-at="2024-07-05T01:02:32 BST" name="Validate Customer Entry Test" finished-at="2024-07-05T01:02:33 BST" duration-ms="1232">
      <class name="testcases.ValidateCustomerEntryTest">
        <test-method signature="customerEnteredExistanceTest(java.util.Hashtable)[pri:0, instance:testcases.ValidateCustomerEntryTest@3a4b0e5d]" started-at="2024-07-05T01:02:32 BST" name="customerEnteredExistanceTest" data-provider="dp" finished-at="2024-07-05T01:02:33 BST" duration-ms="835" status="PASS">
          <params>
            <param index="0">
              <value>
                <![CDATA[{postcode=abcd334, lastname=Chakraborty, firstname=Kuntal}]]>
              </value>
            </param>
          </params>
          <reporter-output>
            <line>
              <![CDATA[Screenshot Evidence]]>
            </line>
            <line>
              <![CDATA[<br>]]>
            </line>
            <line>
              <![CDATA[<a href=Fri_Jul_05_01_02_33_BST_2024.jpg  target="_blank" >Screenshot</a>]]>
            </line>
          </reporter-output>
        </test-method> <!-- customerEnteredExistanceTest -->
        <test-method signature="searchBoxWorkingTest(java.util.Hashtable)[pri:0, instance:testcases.ValidateCustomerEntryTest@3a4b0e5d]" started-at="2024-07-05T01:02:33 BST" name="searchBoxWorkingTest" data-provider="dp" finished-at="2024-07-05T01:02:33 BST" duration-ms="71" status="PASS">
          <params>
            <param index="0">
              <value>
                <![CDATA[{firstname=Kuntal}]]>
              </value>
            </param>
          </params>
          <reporter-output>
            <line>
              <![CDATA[Screenshot Evidence]]>
            </line>
            <line>
              <![CDATA[<br>]]>
            </line>
            <line>
              <![CDATA[<a href=Fri_Jul_05_01_02_33_BST_2024.jpg  target="_blank" >Screenshot</a>]]>
            </line>
          </reporter-output>
        </test-method> <!-- searchBoxWorkingTest -->
      </class> <!-- testcases.ValidateCustomerEntryTest -->
    </test> <!-- Validate Customer Entry Test -->
    <test started-at="2024-07-05T01:02:33 BST" name="Customer Login Test" finished-at="2024-07-05T01:02:40 BST" duration-ms="7156">
      <class name="testcases.customerLoginTest">
        <test-method signature="NavigateToHomeScreenTest()[pri:0, instance:testcases.customerLoginTest@5ef8df1e]" started-at="2024-07-05T01:02:33 BST" name="NavigateToHomeScreenTest" finished-at="2024-07-05T01:02:33 BST" duration-ms="68" status="PASS">
          <reporter-output>
            <line>
              <![CDATA[Screenshot Evidence]]>
            </line>
            <line>
              <![CDATA[<br>]]>
            </line>
            <line>
              <![CDATA[<a href=Fri_Jul_05_01_02_33_BST_2024.jpg  target="_blank" >Screenshot</a>]]>
            </line>
          </reporter-output>
        </test-method> <!-- NavigateToHomeScreenTest -->
        <test-method signature="custLoginTest(java.util.Hashtable)[pri:0, instance:testcases.customerLoginTest@5ef8df1e]" started-at="2024-07-05T01:02:33 BST" name="custLoginTest" data-provider="dp" finished-at="2024-07-05T01:02:37 BST" duration-ms="3642" status="PASS">
          <params>
            <param index="0">
              <value>
                <![CDATA[{lastname=Chakraborty, firstname=Kuntal}]]>
              </value>
            </param>
          </params>
          <reporter-output>
            <line>
              <![CDATA[Screenshot Evidence]]>
            </line>
            <line>
              <![CDATA[<br>]]>
            </line>
            <line>
              <![CDATA[<a href=Fri_Jul_05_01_02_37_BST_2024.jpg  target="_blank" >Screenshot</a>]]>
            </line>
          </reporter-output>
        </test-method> <!-- custLoginTest -->
        <test-method signature="successfulCustomerLoginTest(java.util.Hashtable)[pri:0, instance:testcases.customerLoginTest@5ef8df1e]" started-at="2024-07-05T01:02:37 BST" name="successfulCustomerLoginTest" data-provider="dp" finished-at="2024-07-05T01:02:40 BST" duration-ms="3023" status="PASS">
          <params>
            <param index="0">
              <value>
                <![CDATA[{lastname=Chakraborty, firstname=Kuntal}]]>
              </value>
            </param>
          </params>
          <reporter-output>
            <line>
              <![CDATA[Screenshot Evidence]]>
            </line>
            <line>
              <![CDATA[<br>]]>
            </line>
            <line>
              <![CDATA[<a href=Fri_Jul_05_01_02_40_BST_2024.jpg  target="_blank" >Screenshot</a>]]>
            </line>
          </reporter-output>
        </test-method> <!-- successfulCustomerLoginTest -->
      </class> <!-- testcases.customerLoginTest -->
    </test> <!-- Customer Login Test -->
    <test started-at="2024-07-05T01:02:40 BST" name="Deposit Login Test" finished-at="2024-07-05T01:02:43 BST" duration-ms="2907">
      <class name="testcases.CustomerDepositTest">
        <test-method signature="addDepositTest(java.util.Hashtable)[pri:0, instance:testcases.CustomerDepositTest@7e0aadd0]" started-at="2024-07-05T01:02:40 BST" name="addDepositTest" data-provider="dp" finished-at="2024-07-05T01:02:42 BST" duration-ms="2035" status="PASS">
          <params>
            <param index="0">
              <value>
                <![CDATA[{depositAmount=1089.0}]]>
              </value>
            </param>
          </params>
          <reporter-output>
            <line>
              <![CDATA[Screenshot Evidence]]>
            </line>
            <line>
              <![CDATA[<br>]]>
            </line>
            <line>
              <![CDATA[<a href=Fri_Jul_05_01_02_42_BST_2024.jpg  target="_blank" >Screenshot</a>]]>
            </line>
          </reporter-output>
        </test-method> <!-- addDepositTest -->
        <test-method signature="depositVisibleInTransTest(java.util.Hashtable)[pri:0, instance:testcases.CustomerDepositTest@7e0aadd0]" started-at="2024-07-05T01:02:42 BST" name="depositVisibleInTransTest" data-provider="dp" finished-at="2024-07-05T01:02:43 BST" duration-ms="596" status="PASS">
          <params>
            <param index="0">
              <value>
                <![CDATA[{Type=Credit, depositAmount=1089.0}]]>
              </value>
            </param>
          </params>
          <reporter-output>
            <line>
              <![CDATA[Screenshot Evidence]]>
            </line>
            <line>
              <![CDATA[<br>]]>
            </line>
            <line>
              <![CDATA[<a href=Fri_Jul_05_01_02_43_BST_2024.jpg  target="_blank" >Screenshot</a>]]>
            </line>
          </reporter-output>
        </test-method> <!-- depositVisibleInTransTest -->
      </class> <!-- testcases.CustomerDepositTest -->
    </test> <!-- Deposit Login Test -->
    <test started-at="2024-07-05T01:02:43 BST" name="Withdrawl Test" finished-at="2024-07-05T01:02:44 BST" duration-ms="961">
      <class name="testcases.CustomerWithdrawlTest">
        <test-method signature="withdrawlAmtLessThanBalTest(java.util.Hashtable)[pri:0, instance:testcases.CustomerWithdrawlTest@655a5d9c]" started-at="2024-07-05T01:02:43 BST" name="withdrawlAmtLessThanBalTest" data-provider="dp" finished-at="2024-07-05T01:02:44 BST" duration-ms="632" status="PASS">
          <params>
            <param index="0">
              <value>
                <![CDATA[{withdrawlAmount=567.0}]]>
              </value>
            </param>
          </params>
          <reporter-output>
            <line>
              <![CDATA[Screenshot Evidence]]>
            </line>
            <line>
              <![CDATA[<br>]]>
            </line>
            <line>
              <![CDATA[<a href=Fri_Jul_05_01_02_44_BST_2024.jpg  target="_blank" >Screenshot</a>]]>
            </line>
          </reporter-output>
        </test-method> <!-- withdrawlAmtLessThanBalTest -->
        <test-method signature="withdrawlAmtMoreThanBalTest(java.util.Hashtable)[pri:0, instance:testcases.CustomerWithdrawlTest@655a5d9c]" started-at="2024-07-05T01:02:44 BST" name="withdrawlAmtMoreThanBalTest" data-provider="dp" finished-at="2024-07-05T01:02:44 BST" duration-ms="71" status="PASS">
          <params>
            <param index="0">
              <value>
                <![CDATA[{withdrawlAmount=1067.0, errorMsg=Transaction Failed. You can not withdraw amount more than the balance.}]]>
              </value>
            </param>
          </params>
          <reporter-output>
            <line>
              <![CDATA[Screenshot Evidence]]>
            </line>
            <line>
              <![CDATA[<br>]]>
            </line>
            <line>
              <![CDATA[<a href=Fri_Jul_05_01_02_44_BST_2024.jpg  target="_blank" >Screenshot</a>]]>
            </line>
          </reporter-output>
        </test-method> <!-- withdrawlAmtMoreThanBalTest -->
      </class> <!-- testcases.CustomerWithdrawlTest -->
    </test> <!-- Withdrawl Test -->
    <test started-at="2024-07-05T01:02:44 BST" name="Logout Test" finished-at="2024-07-05T01:02:44 BST" duration-ms="183">
      <class name="testcases.LogoutTest">
        <test-method signature="logoutTest()[pri:0, instance:testcases.LogoutTest@77cf3f8b]" started-at="2024-07-05T01:02:44 BST" name="logoutTest" finished-at="2024-07-05T01:02:44 BST" duration-ms="45" status="PASS">
          <reporter-output>
            <line>
              <![CDATA[Screenshot Evidence]]>
            </line>
            <line>
              <![CDATA[<br>]]>
            </line>
            <line>
              <![CDATA[<a href=Fri_Jul_05_01_02_44_BST_2024.jpg  target="_blank" >Screenshot</a>]]>
            </line>
          </reporter-output>
        </test-method> <!-- logoutTest -->
      </class> <!-- testcases.LogoutTest -->
    </test> <!-- Logout Test -->
    <test started-at="2024-07-05T01:02:44 BST" name="No Account Test" finished-at="2024-07-05T01:02:45 BST" duration-ms="830">
      <class name="testcases.AccountExistTest">
        <test-method signature="accountExistTest(java.util.Hashtable)[pri:0, instance:testcases.AccountExistTest@7d61eccf]" started-at="2024-07-05T01:02:44 BST" name="accountExistTest" data-provider="dp" finished-at="2024-07-05T01:02:44 BST" duration-ms="143" status="PASS">
          <params>
            <param index="0">
              <value>
                <![CDATA[{fullName=Rounak Agarwal, noAccountText=Please open an account with us.}]]>
              </value>
            </param>
          </params>
          <reporter-output>
            <line>
              <![CDATA[Screenshot Evidence]]>
            </line>
            <line>
              <![CDATA[<br>]]>
            </line>
            <line>
              <![CDATA[<a href=Fri_Jul_05_01_02_45_BST_2024.jpg  target="_blank" >Screenshot</a>]]>
            </line>
          </reporter-output>
        </test-method> <!-- accountExistTest -->
        <test-method signature="accountExistTest(java.util.Hashtable)[pri:0, instance:testcases.AccountExistTest@7d61eccf]" started-at="2024-07-05T01:02:45 BST" name="accountExistTest" data-provider="dp" finished-at="2024-07-05T01:02:45 BST" duration-ms="142" status="PASS">
          <params>
            <param index="0">
              <value>
                <![CDATA[{fullName=Sapnish Singh, noAccountText=Please open an account with us.}]]>
              </value>
            </param>
          </params>
          <reporter-output>
            <line>
              <![CDATA[Screenshot Evidence]]>
            </line>
            <line>
              <![CDATA[<br>]]>
            </line>
            <line>
              <![CDATA[<a href=Fri_Jul_05_01_02_45_BST_2024.jpg  target="_blank" >Screenshot</a>]]>
            </line>
          </reporter-output>
        </test-method> <!-- accountExistTest -->
        <test-method signature="accountExistTest(java.util.Hashtable)[pri:0, instance:testcases.AccountExistTest@7d61eccf]" started-at="2024-07-05T01:02:45 BST" name="accountExistTest" data-provider="dp" finished-at="2024-07-05T01:02:45 BST" duration-ms="141" status="PASS">
          <params>
            <param index="0">
              <value>
                <![CDATA[{fullName=Kuntal Chakraborty, noAccountText=}]]>
              </value>
            </param>
          </params>
          <reporter-output>
            <line>
              <![CDATA[Screenshot Evidence]]>
            </line>
            <line>
              <![CDATA[<br>]]>
            </line>
            <line>
              <![CDATA[<a href=Fri_Jul_05_01_02_45_BST_2024.jpg  target="_blank" >Screenshot</a>]]>
            </line>
          </reporter-output>
        </test-method> <!-- accountExistTest -->
      </class> <!-- testcases.AccountExistTest -->
    </test> <!-- No Account Test -->
    <test started-at="2024-07-05T01:02:45 BST" name="Multi Account Id Test" finished-at="2024-07-05T01:03:02 BST" duration-ms="16704">
      <class name="testcases.MultiAccountTest">
        <test-method is-config="true" signature="setUp()[pri:0, instance:testcases.MultiAccountTest@5ebd56e9]" started-at="2024-07-05T01:02:22 BST" name="setUp" finished-at="2024-07-05T01:02:27 BST" duration-ms="4526" status="PASS">
          <reporter-output>
          </reporter-output>
        </test-method> <!-- setUp -->
        <test-method signature="correctMultiAccIdGenTest(java.util.Hashtable)[pri:0, instance:testcases.MultiAccountTest@5ebd56e9]" started-at="2024-07-05T01:02:45 BST" name="correctMultiAccIdGenTest" data-provider="dp" finished-at="2024-07-05T01:03:00 BST" duration-ms="15273" status="PASS">
          <params>
            <param index="0">
              <value>
                <![CDATA[{fullName=Rounak Agarwal}]]>
              </value>
            </param>
          </params>
          <reporter-output>
            <line>
              <![CDATA[Screenshot Evidence]]>
            </line>
            <line>
              <![CDATA[<br>]]>
            </line>
            <line>
              <![CDATA[<a href=Fri_Jul_05_01_03_01_BST_2024.jpg  target="_blank" >Screenshot</a>]]>
            </line>
          </reporter-output>
        </test-method> <!-- correctMultiAccIdGenTest -->
        <test-method signature="creatingMultiAcctTest(java.util.Hashtable)[pri:0, instance:testcases.MultiAccountTest@5ebd56e9]" started-at="2024-07-05T01:03:01 BST" name="creatingMultiAcctTest" data-provider="dp" finished-at="2024-07-05T01:03:01 BST" duration-ms="272" status="PASS">
          <params>
            <param index="0">
              <value>
                <![CDATA[{Currency=Pound, fullName=Rounak Agarwal}]]>
              </value>
            </param>
          </params>
          <reporter-output>
            <line>
              <![CDATA[Screenshot Evidence]]>
            </line>
            <line>
              <![CDATA[<br>]]>
            </line>
            <line>
              <![CDATA[<a href=Fri_Jul_05_01_03_01_BST_2024.jpg  target="_blank" >Screenshot</a>]]>
            </line>
          </reporter-output>
        </test-method> <!-- creatingMultiAcctTest -->
        <test-method signature="creatingMultiAcctTest(java.util.Hashtable)[pri:0, instance:testcases.MultiAccountTest@5ebd56e9]" started-at="2024-07-05T01:03:01 BST" name="creatingMultiAcctTest" data-provider="dp" finished-at="2024-07-05T01:03:01 BST" duration-ms="284" status="PASS">
          <params>
            <param index="0">
              <value>
                <![CDATA[{Currency=Rupee, fullName=Rounak Agarwal}]]>
              </value>
            </param>
          </params>
          <reporter-output>
            <line>
              <![CDATA[Screenshot Evidence]]>
            </line>
            <line>
              <![CDATA[<br>]]>
            </line>
            <line>
              <![CDATA[<a href=Fri_Jul_05_01_03_01_BST_2024.jpg  target="_blank" >Screenshot</a>]]>
            </line>
          </reporter-output>
        </test-method> <!-- creatingMultiAcctTest -->
        <test-method signature="creatingMultiAcctTest(java.util.Hashtable)[pri:0, instance:testcases.MultiAccountTest@5ebd56e9]" started-at="2024-07-05T01:03:01 BST" name="creatingMultiAcctTest" data-provider="dp" finished-at="2024-07-05T01:03:02 BST" duration-ms="279" status="PASS">
          <params>
            <param index="0">
              <value>
                <![CDATA[{Currency=Dollar, fullName=Rounak Agarwal}]]>
              </value>
            </param>
          </params>
          <reporter-output>
            <line>
              <![CDATA[Screenshot Evidence]]>
            </line>
            <line>
              <![CDATA[<br>]]>
            </line>
            <line>
              <![CDATA[<a href=Fri_Jul_05_01_03_02_BST_2024.jpg  target="_blank" >Screenshot</a>]]>
            </line>
          </reporter-output>
        </test-method> <!-- creatingMultiAcctTest -->
        <test-method is-config="true" signature="tearDown()[pri:0, instance:testcases.MultiAccountTest@5ebd56e9]" started-at="2024-07-05T01:03:02 BST" name="tearDown" finished-at="2024-07-05T01:03:02 BST" duration-ms="241" status="PASS">
          <reporter-output>
          </reporter-output>
        </test-method> <!-- tearDown -->
      </class> <!-- testcases.MultiAccountTest -->
    </test> <!-- Multi Account Id Test -->
  </suite> <!-- XYZ Bank Portal Test Suite -->
</testng-results>
