<?xml version="1.0" encoding="UTF-8"?>
<testng-results ignored="0" total="14" passed="13" failed="0" skipped="1">
  <reporter-output>
    <line>
      <![CDATA[Screenshot Evidence]]>
    </line>
    <line>
      <![CDATA[<br>]]>
    </line>
    <line>
      <![CDATA[<a href=Wed_Jul_03_01_42_56_BST_2024.jpg  target="_blank" >Screenshot</a>]]>
    </line>
    <line>
      <![CDATA[Screenshot Evidence]]>
    </line>
    <line>
      <![CDATA[<br>]]>
    </line>
    <line>
      <![CDATA[<a href=Wed_Jul_03_01_42_57_BST_2024.jpg  target="_blank" >Screenshot</a>]]>
    </line>
    <line>
      <![CDATA[Screenshot Evidence]]>
    </line>
    <line>
      <![CDATA[<br>]]>
    </line>
    <line>
      <![CDATA[<a href=Wed_Jul_03_01_42_57_BST_2024.jpg  target="_blank" >Screenshot</a>]]>
    </line>
    <line>
      <![CDATA[Screenshot Evidence]]>
    </line>
    <line>
      <![CDATA[<br>]]>
    </line>
    <line>
      <![CDATA[<a href=Wed_Jul_03_01_42_58_BST_2024.jpg  target="_blank" >Screenshot</a>]]>
    </line>
    <line>
      <![CDATA[Screenshot Evidence]]>
    </line>
    <line>
      <![CDATA[<br>]]>
    </line>
    <line>
      <![CDATA[<a href=Wed_Jul_03_01_42_59_BST_2024.jpg  target="_blank" >Screenshot</a>]]>
    </line>
    <line>
      <![CDATA[Screenshot Evidence]]>
    </line>
    <line>
      <![CDATA[<br>]]>
    </line>
    <line>
      <![CDATA[<a href=Wed_Jul_03_01_43_00_BST_2024.jpg  target="_blank" >Screenshot</a>]]>
    </line>
    <line>
      <![CDATA[Screenshot Evidence]]>
    </line>
    <line>
      <![CDATA[<br>]]>
    </line>
    <line>
      <![CDATA[<a href=Wed_Jul_03_01_43_00_BST_2024.jpg  target="_blank" >Screenshot</a>]]>
    </line>
    <line>
      <![CDATA[Screenshot Evidence]]>
    </line>
    <line>
      <![CDATA[<br>]]>
    </line>
    <line>
      <![CDATA[<a href=Wed_Jul_03_01_43_00_BST_2024.jpg  target="_blank" >Screenshot</a>]]>
    </line>
    <line>
      <![CDATA[Screenshot Evidence]]>
    </line>
    <line>
      <![CDATA[<br>]]>
    </line>
    <line>
      <![CDATA[<a href=Wed_Jul_03_01_43_04_BST_2024.jpg  target="_blank" >Screenshot</a>]]>
    </line>
    <line>
      <![CDATA[Screenshot Evidence]]>
    </line>
    <line>
      <![CDATA[<br>]]>
    </line>
    <line>
      <![CDATA[<a href=Wed_Jul_03_01_43_07_BST_2024.jpg  target="_blank" >Screenshot</a>]]>
    </line>
    <line>
      <![CDATA[Screenshot Evidence]]>
    </line>
    <line>
      <![CDATA[<br>]]>
    </line>
    <line>
      <![CDATA[<a href=Wed_Jul_03_01_43_09_BST_2024.jpg  target="_blank" >Screenshot</a>]]>
    </line>
    <line>
      <![CDATA[Screenshot Evidence]]>
    </line>
    <line>
      <![CDATA[<br>]]>
    </line>
    <line>
      <![CDATA[<a href=Wed_Jul_03_01_43_10_BST_2024.jpg  target="_blank" >Screenshot</a>]]>
    </line>
    <line>
      <![CDATA[Screenshot Evidence]]>
    </line>
    <line>
      <![CDATA[<br>]]>
    </line>
    <line>
      <![CDATA[<a href=Wed_Jul_03_01_43_11_BST_2024.jpg  target="_blank" >Screenshot</a>]]>
    </line>
  </reporter-output>
  <suite started-at="2024-07-03T01:42:52 BST" name="XYZ Bank Portal Test Suite" finished-at="2024-07-03T01:43:11 BST" duration-ms="18720">
    <groups>
    </groups>
    <test started-at="2024-07-03T01:42:52 BST" name="Bank Manager Login Test" finished-at="2024-07-03T01:42:56 BST" duration-ms="3361">
      <class name="testcases.BankManagerLoginTest">
        <test-method signature="loginAsBankManager()[pri:0, instance:testcases.BankManagerLoginTest@551a20d6]" started-at="2024-07-03T01:42:52 BST" name="loginAsBankManager" finished-at="2024-07-03T01:42:56 BST" duration-ms="3176" status="PASS">
          <reporter-output>
            <line>
              <![CDATA[Screenshot Evidence]]>
            </line>
            <line>
              <![CDATA[<br>]]>
            </line>
            <line>
              <![CDATA[<a href=Wed_Jul_03_01_42_56_BST_2024.jpg  target="_blank" >Screenshot</a>]]>
            </line>
          </reporter-output>
        </test-method> <!-- loginAsBankManager -->
      </class> <!-- testcases.BankManagerLoginTest -->
    </test> <!-- Bank Manager Login Test -->
    <test started-at="2024-07-03T01:42:56 BST" name="Add New Customer Test" finished-at="2024-07-03T01:42:58 BST" duration-ms="1919">
      <class name="testcases.addNewCustomerTest">
        <test-method signature="AddNewCustomerTest(java.util.Hashtable)[pri:0, instance:testcases.addNewCustomerTest@3af4e0bf]" started-at="2024-07-03T01:42:56 BST" name="AddNewCustomerTest" data-provider="dp" finished-at="2024-07-03T01:42:57 BST" duration-ms="918" status="PASS">
          <params>
            <param index="0">
              <value>
                <![CDATA[{alerttext=Customer added successfully, postcode=abcd334, Runmode=Y, lastname=Chakraborty, firstname=Kuntal}]]>
              </value>
            </param>
          </params>
          <reporter-output>
            <line>
              <![CDATA[Screenshot Evidence]]>
            </line>
            <line>
              <![CDATA[<br>]]>
            </line>
            <line>
              <![CDATA[<a href=Wed_Jul_03_01_42_57_BST_2024.jpg  target="_blank" >Screenshot</a>]]>
            </line>
          </reporter-output>
        </test-method> <!-- AddNewCustomerTest -->
        <test-method signature="AddNewCustomerTest(java.util.Hashtable)[pri:0, instance:testcases.addNewCustomerTest@3af4e0bf]" started-at="2024-07-03T01:42:57 BST" name="AddNewCustomerTest" data-provider="dp" finished-at="2024-07-03T01:42:57 BST" duration-ms="267" status="PASS">
          <params>
            <param index="0">
              <value>
                <![CDATA[{alerttext=Customer added successfully, postcode=ABCDHS78, Runmode=Y, lastname=Roy, firstname=Rahul}]]>
              </value>
            </param>
          </params>
          <reporter-output>
            <line>
              <![CDATA[Screenshot Evidence]]>
            </line>
            <line>
              <![CDATA[<br>]]>
            </line>
            <line>
              <![CDATA[<a href=Wed_Jul_03_01_42_57_BST_2024.jpg  target="_blank" >Screenshot</a>]]>
            </line>
          </reporter-output>
        </test-method> <!-- AddNewCustomerTest -->
        <test-method signature="AddNewCustomerTest(java.util.Hashtable)[pri:0, instance:testcases.addNewCustomerTest@3af4e0bf]" started-at="2024-07-03T01:42:57 BST" name="AddNewCustomerTest" data-provider="dp" finished-at="2024-07-03T01:42:57 BST" duration-ms="253" status="PASS">
          <params>
            <param index="0">
              <value>
                <![CDATA[{alerttext=Customer added successfully, postcode=bhsuj89, Runmode=Y, lastname=Agarwal, firstname=Rounak}]]>
              </value>
            </param>
          </params>
          <reporter-output>
            <line>
              <![CDATA[Screenshot Evidence]]>
            </line>
            <line>
              <![CDATA[<br>]]>
            </line>
            <line>
              <![CDATA[<a href=Wed_Jul_03_01_42_58_BST_2024.jpg  target="_blank" >Screenshot</a>]]>
            </line>
          </reporter-output>
        </test-method> <!-- AddNewCustomerTest -->
        <test-method signature="AddNewCustomerTest(java.util.Hashtable)[pri:0, instance:testcases.addNewCustomerTest@3af4e0bf]" started-at="2024-07-03T01:42:58 BST" name="AddNewCustomerTest" data-provider="dp" finished-at="2024-07-03T01:42:58 BST" duration-ms="1" status="SKIP">
          <params>
            <param index="0">
              <value>
                <![CDATA[{alerttext=Customer added successfully, postcode=AHBKS89, Runmode=N, lastname=Singh, firstname=Sapnish}]]>
              </value>
            </param>
          </params>
          <exception class="org.testng.SkipException">
            <message>
              <![CDATA[Skipping the test case as the Run mode for data set is NO]]>
            </message>
            <full-stacktrace>
              <![CDATA[org.testng.SkipException: Skipping the test case as the Run mode for data set is NO
at testcases.addNewCustomerTest.AddNewCustomerTest(addNewCustomerTest.java:28)
at java.base/jdk.internal.reflect.NativeMethodAccessorImpl.invoke0(Native Method)
at java.base/jdk.internal.reflect.NativeMethodAccessorImpl.invoke(NativeMethodAccessorImpl.java:77)
at java.base/jdk.internal.reflect.DelegatingMethodAccessorImpl.invoke(DelegatingMethodAccessorImpl.java:43)
at java.base/java.lang.reflect.Method.invoke(Method.java:568)
at org.testng.internal.invokers.MethodInvocationHelper.invokeMethod(MethodInvocationHelper.java:141)
at org.testng.internal.invokers.TestInvoker.invokeMethod(TestInvoker.java:686)
at org.testng.internal.invokers.TestInvoker.invokeTestMethod(TestInvoker.java:230)
at org.testng.internal.invokers.MethodRunner.runInSequence(MethodRunner.java:63)
at org.testng.internal.invokers.TestInvoker$MethodInvocationAgent.invoke(TestInvoker.java:992)
at org.testng.internal.invokers.TestInvoker.invokeTestMethods(TestInvoker.java:203)
at org.testng.internal.invokers.TestMethodWorker.invokeTestMethods(TestMethodWorker.java:154)
at org.testng.internal.invokers.TestMethodWorker.run(TestMethodWorker.java:134)
at java.base/java.util.ArrayList.forEach(ArrayList.java:1511)
at org.testng.TestRunner.privateRun(TestRunner.java:739)
at org.testng.TestRunner.run(TestRunner.java:614)
at org.testng.SuiteRunner.runTest(SuiteRunner.java:421)
at org.testng.SuiteRunner.runSequentially(SuiteRunner.java:413)
at org.testng.SuiteRunner.privateRun(SuiteRunner.java:373)
at org.testng.SuiteRunner.run(SuiteRunner.java:312)
at org.testng.SuiteRunnerWorker.runSuite(SuiteRunnerWorker.java:52)
at org.testng.SuiteRunnerWorker.run(SuiteRunnerWorker.java:95)
at org.testng.TestNG.runSuitesSequentially(TestNG.java:1274)
at org.testng.TestNG.runSuitesLocally(TestNG.java:1208)
at org.testng.TestNG.runSuites(TestNG.java:1112)
at org.testng.TestNG.run(TestNG.java:1079)
at org.apache.maven.surefire.testng.TestNGExecutor.run(TestNGExecutor.java:308)
at org.apache.maven.surefire.testng.TestNGXmlTestSuite.execute(TestNGXmlTestSuite.java:71)
at org.apache.maven.surefire.testng.TestNGProvider.invoke(TestNGProvider.java:113)
at org.apache.maven.surefire.booter.ForkedBooter.runSuitesInProcess(ForkedBooter.java:385)
at org.apache.maven.surefire.booter.ForkedBooter.execute(ForkedBooter.java:162)
at org.apache.maven.surefire.booter.ForkedBooter.run(ForkedBooter.java:507)
at org.apache.maven.surefire.booter.ForkedBooter.main(ForkedBooter.java:495)
]]>
            </full-stacktrace>
          </exception> <!-- org.testng.SkipException -->
          <reporter-output>
          </reporter-output>
        </test-method> <!-- AddNewCustomerTest -->
      </class> <!-- testcases.addNewCustomerTest -->
    </test> <!-- Add New Customer Test -->
    <test started-at="2024-07-03T01:42:58 BST" name="Open Account Test" finished-at="2024-07-03T01:42:59 BST" duration-ms="935">
      <class name="testcases.openAccountTest">
        <test-method signature="OpenAccountTest(java.util.Hashtable)[pri:0, instance:testcases.openAccountTest@5b800468]" started-at="2024-07-03T01:42:58 BST" name="OpenAccountTest" data-provider="dp" finished-at="2024-07-03T01:42:58 BST" duration-ms="786" status="PASS">
          <params>
            <param index="0">
              <value>
                <![CDATA[{lastname=Chakraborty, firstname=Kuntal}]]>
              </value>
            </param>
          </params>
          <reporter-output>
            <line>
              <![CDATA[Screenshot Evidence]]>
            </line>
            <line>
              <![CDATA[<br>]]>
            </line>
            <line>
              <![CDATA[<a href=Wed_Jul_03_01_42_59_BST_2024.jpg  target="_blank" >Screenshot</a>]]>
            </line>
          </reporter-output>
        </test-method> <!-- OpenAccountTest -->
      </class> <!-- testcases.openAccountTest -->
    </test> <!-- Open Account Test -->
    <test started-at="2024-07-03T01:42:59 BST" name="Validate Customer Entry Test" finished-at="2024-07-03T01:43:00 BST" duration-ms="1483">
      <class name="testcases.ValidateCustomerEntryTest">
        <test-method signature="customerEnteredExistanceTest(java.util.Hashtable)[pri:0, instance:testcases.ValidateCustomerEntryTest@46cc127b]" started-at="2024-07-03T01:42:59 BST" name="customerEnteredExistanceTest" data-provider="dp" finished-at="2024-07-03T01:42:59 BST" duration-ms="872" status="PASS">
          <params>
            <param index="0">
              <value>
                <![CDATA[{postcode=abcd334, lastname=Chakraborty, firstname=Kuntal}]]>
              </value>
            </param>
          </params>
          <reporter-output>
            <line>
              <![CDATA[Screenshot Evidence]]>
            </line>
            <line>
              <![CDATA[<br>]]>
            </line>
            <line>
              <![CDATA[<a href=Wed_Jul_03_01_43_00_BST_2024.jpg  target="_blank" >Screenshot</a>]]>
            </line>
          </reporter-output>
        </test-method> <!-- customerEnteredExistanceTest -->
        <test-method signature="searchBoxWorkingTest(java.util.Hashtable)[pri:0, instance:testcases.ValidateCustomerEntryTest@46cc127b]" started-at="2024-07-03T01:43:00 BST" name="searchBoxWorkingTest" data-provider="dp" finished-at="2024-07-03T01:43:00 BST" duration-ms="108" status="PASS">
          <params>
            <param index="0">
              <value>
                <![CDATA[{firstname=Kuntal}]]>
              </value>
            </param>
          </params>
          <reporter-output>
            <line>
              <![CDATA[Screenshot Evidence]]>
            </line>
            <line>
              <![CDATA[<br>]]>
            </line>
            <line>
              <![CDATA[<a href=Wed_Jul_03_01_43_00_BST_2024.jpg  target="_blank" >Screenshot</a>]]>
            </line>
          </reporter-output>
        </test-method> <!-- searchBoxWorkingTest -->
      </class> <!-- testcases.ValidateCustomerEntryTest -->
    </test> <!-- Validate Customer Entry Test -->
    <test started-at="2024-07-03T01:43:00 BST" name="Customer Login Test" finished-at="2024-07-03T01:43:07 BST" duration-ms="7266">
      <class name="testcases.customerLoginTest">
        <test-method signature="NavigateToHomeScreenTest()[pri:0, instance:testcases.customerLoginTest@3deb2326]" started-at="2024-07-03T01:43:00 BST" name="NavigateToHomeScreenTest" finished-at="2024-07-03T01:43:00 BST" duration-ms="85" status="PASS">
          <reporter-output>
            <line>
              <![CDATA[Screenshot Evidence]]>
            </line>
            <line>
              <![CDATA[<br>]]>
            </line>
            <line>
              <![CDATA[<a href=Wed_Jul_03_01_43_00_BST_2024.jpg  target="_blank" >Screenshot</a>]]>
            </line>
          </reporter-output>
        </test-method> <!-- NavigateToHomeScreenTest -->
        <test-method signature="custLoginTest(java.util.Hashtable)[pri:0, instance:testcases.customerLoginTest@3deb2326]" started-at="2024-07-03T01:43:00 BST" name="custLoginTest" data-provider="dp" finished-at="2024-07-03T01:43:04 BST" duration-ms="3656" status="PASS">
          <params>
            <param index="0">
              <value>
                <![CDATA[{lastname=Chakraborty, firstname=Kuntal}]]>
              </value>
            </param>
          </params>
          <reporter-output>
            <line>
              <![CDATA[Screenshot Evidence]]>
            </line>
            <line>
              <![CDATA[<br>]]>
            </line>
            <line>
              <![CDATA[<a href=Wed_Jul_03_01_43_04_BST_2024.jpg  target="_blank" >Screenshot</a>]]>
            </line>
          </reporter-output>
        </test-method> <!-- custLoginTest -->
        <test-method signature="successfulCustomerLoginTest(java.util.Hashtable)[pri:0, instance:testcases.customerLoginTest@3deb2326]" started-at="2024-07-03T01:43:04 BST" name="successfulCustomerLoginTest" data-provider="dp" finished-at="2024-07-03T01:43:07 BST" duration-ms="3033" status="PASS">
          <params>
            <param index="0">
              <value>
                <![CDATA[{lastname=Chakraborty, firstname=Kuntal}]]>
              </value>
            </param>
          </params>
          <reporter-output>
            <line>
              <![CDATA[Screenshot Evidence]]>
            </line>
            <line>
              <![CDATA[<br>]]>
            </line>
            <line>
              <![CDATA[<a href=Wed_Jul_03_01_43_07_BST_2024.jpg  target="_blank" >Screenshot</a>]]>
            </line>
          </reporter-output>
        </test-method> <!-- successfulCustomerLoginTest -->
      </class> <!-- testcases.customerLoginTest -->
    </test> <!-- Customer Login Test -->
    <test started-at="2024-07-03T01:43:07 BST" name="Deposit Login Test" finished-at="2024-07-03T01:43:10 BST" duration-ms="2934">
      <class name="testcases.CustomerDepositTest">
        <test-method signature="addDepositTest(java.util.Hashtable)[pri:0, instance:testcases.CustomerDepositTest@127e70c5]" started-at="2024-07-03T01:43:07 BST" name="addDepositTest" data-provider="dp" finished-at="2024-07-03T01:43:09 BST" duration-ms="2063" status="PASS">
          <params>
            <param index="0">
              <value>
                <![CDATA[{depositAmount=1089.0}]]>
              </value>
            </param>
          </params>
          <reporter-output>
            <line>
              <![CDATA[Screenshot Evidence]]>
            </line>
            <line>
              <![CDATA[<br>]]>
            </line>
            <line>
              <![CDATA[<a href=Wed_Jul_03_01_43_09_BST_2024.jpg  target="_blank" >Screenshot</a>]]>
            </line>
          </reporter-output>
        </test-method> <!-- addDepositTest -->
        <test-method signature="depositVisibleInTransTest(java.util.Hashtable)[pri:0, instance:testcases.CustomerDepositTest@127e70c5]" started-at="2024-07-03T01:43:09 BST" name="depositVisibleInTransTest" data-provider="dp" finished-at="2024-07-03T01:43:10 BST" duration-ms="612" status="PASS">
          <params>
            <param index="0">
              <value>
                <![CDATA[{Type=Credit, depositAmount=1089.0}]]>
              </value>
            </param>
          </params>
          <reporter-output>
            <line>
              <![CDATA[Screenshot Evidence]]>
            </line>
            <line>
              <![CDATA[<br>]]>
            </line>
            <line>
              <![CDATA[<a href=Wed_Jul_03_01_43_10_BST_2024.jpg  target="_blank" >Screenshot</a>]]>
            </line>
          </reporter-output>
        </test-method> <!-- depositVisibleInTransTest -->
      </class> <!-- testcases.CustomerDepositTest -->
    </test> <!-- Deposit Login Test -->
    <test started-at="2024-07-03T01:43:10 BST" name="Withdrawl Test" finished-at="2024-07-03T01:43:11 BST" duration-ms="789">
      <class name="testcases.CustomerWithdrawlTest">
        <test-method is-config="true" signature="setUp()[pri:0, instance:testcases.CustomerWithdrawlTest@21362712]" started-at="2024-07-03T01:42:48 BST" name="setUp" finished-at="2024-07-03T01:42:52 BST" duration-ms="4780" status="PASS">
          <reporter-output>
          </reporter-output>
        </test-method> <!-- setUp -->
        <test-method signature="withdrawlAmtLessThanBalTest(java.util.Hashtable)[pri:0, instance:testcases.CustomerWithdrawlTest@21362712]" started-at="2024-07-03T01:43:10 BST" name="withdrawlAmtLessThanBalTest" data-provider="dp" finished-at="2024-07-03T01:43:11 BST" duration-ms="662" status="PASS">
          <params>
            <param index="0">
              <value>
                <![CDATA[{withdrawlAmount=567.0}]]>
              </value>
            </param>
          </params>
          <reporter-output>
            <line>
              <![CDATA[Screenshot Evidence]]>
            </line>
            <line>
              <![CDATA[<br>]]>
            </line>
            <line>
              <![CDATA[<a href=Wed_Jul_03_01_43_11_BST_2024.jpg  target="_blank" >Screenshot</a>]]>
            </line>
          </reporter-output>
        </test-method> <!-- withdrawlAmtLessThanBalTest -->
        <test-method is-config="true" signature="tearDown()[pri:0, instance:testcases.CustomerWithdrawlTest@21362712]" started-at="2024-07-03T01:43:11 BST" name="tearDown" finished-at="2024-07-03T01:43:11 BST" duration-ms="296" status="PASS">
          <reporter-output>
          </reporter-output>
        </test-method> <!-- tearDown -->
      </class> <!-- testcases.CustomerWithdrawlTest -->
    </test> <!-- Withdrawl Test -->
  </suite> <!-- XYZ Bank Portal Test Suite -->
</testng-results>
