<?xml version="1.0" encoding="UTF-8"?>
<testsuite xmlns:xsi="http://www.w3.org/2001/XMLSchema-instance" xsi:noNamespaceSchemaLocation="https://maven.apache.org/surefire/maven-surefire-plugin/xsd/surefire-test-report-3.0.xsd" version="3.0" name="TestSuite" time="37.135" tests="16" errors="0" skipped="1" failures="1">
  <properties>
[...]
</properties>
  <testcase name="loginAsBankManager" classname="testcases.BankManagerLoginTest" time="1.254">
    <system-out><![CDATA[Thu_Jul_04_00_02_01_BST_2024.jpg
]]></system-out>
    <system-err><![CDATA[SLF4J: Failed to load class "org.slf4j.impl.StaticLoggerBinder".
SLF4J: Defaulting to no-operation (NOP) logger implementation
SLF4J: See http://www.slf4j.org/codes.html#StaticLoggerBinder for further details.
ERROR StatusLogger Log4j2 could not find a logging implementation. Please add log4j-core to the classpath. Using SimpleLogger to log to the console...
log4j:WARN No appenders could be found for logger (devpinoyLogger).
log4j:WARN Please initialize the log4j system properly.
log4j:WARN See http://logging.apache.org/log4j/1.2/faq.html#noconfig for more info.
Jul 04, 2024 12:01:57 AM org.openqa.selenium.devtools.CdpVersionFinder findNearestMatch
WARNING: Unable to find an exact match for CDP version 126, returning the closest version; found: 122; Please update to a Selenium version that supports CDP version 126
]]></system-err>
  </testcase>
  <testcase name="AddNewCustomerTest[{alerttext=Customer added successfully, postcode=abcd334, Runmode=Y, lastname=Chakraborty, firstname=Kuntal}](1)" classname="testcases.addNewCustomerTest" time="1.06">
    <system-out><![CDATA[Customer added successfully with customer id :6
Thu_Jul_04_00_02_02_BST_2024.jpg
]]></system-out>
  </testcase>
  <testcase name="AddNewCustomerTest[{alerttext=Customer added successfully, postcode=ABCDHS78, Runmode=Y, lastname=Roy, firstname=Rahul}](2)" classname="testcases.addNewCustomerTest" time="0.462">
    <system-out><![CDATA[Customer added successfully with customer id :7
Thu_Jul_04_00_02_03_BST_2024.jpg
]]></system-out>
  </testcase>
  <testcase name="AddNewCustomerTest[{alerttext=Customer added successfully, postcode=bhsuj89, Runmode=Y, lastname=Agarwal, firstname=Rounak}](3)" classname="testcases.addNewCustomerTest" time="0.43">
    <system-out><![CDATA[Customer added successfully with customer id :8
Thu_Jul_04_00_02_03_BST_2024.jpg
]]></system-out>
  </testcase>
  <testcase name="AddNewCustomerTest[{alerttext=Customer added successfully, postcode=AHBKS89, Runmode=N, lastname=Singh, firstname=Sapnish}](4)" classname="testcases.addNewCustomerTest" time="0.0">
    <skipped message="Skipping the test case as the Run mode for data set is NO"/>
  </testcase>
  <testcase name="OpenAccountTest[{lastname=Chakraborty, firstname=Kuntal}](1)" classname="testcases.openAccountTest" time="0.92">
    <system-out><![CDATA[Kuntal Chakraborty
Thu_Jul_04_00_02_04_BST_2024.jpg
]]></system-out>
  </testcase>
  <testcase name="customerEnteredExistanceTest[{postcode=abcd334, lastname=Chakraborty, firstname=Kuntal}](1)" classname="testcases.ValidateCustomerEntryTest" time="0.938">
    <system-out><![CDATA[Thu_Jul_04_00_02_05_BST_2024.jpg
]]></system-out>
  </testcase>
  <testcase name="searchBoxWorkingTest[{firstname=Kuntal}](1)" classname="testcases.ValidateCustomerEntryTest" time="0.305">
    <system-out><![CDATA[Thu_Jul_04_00_02_06_BST_2024.jpg
]]></system-out>
  </testcase>
  <testcase name="NavigateToHomeScreenTest" classname="testcases.customerLoginTest" time="0.222">
    <system-out><![CDATA[Thu_Jul_04_00_02_06_BST_2024.jpg
]]></system-out>
  </testcase>
  <testcase name="custLoginTest[{lastname=Chakraborty, firstname=Kuntal}](1)" classname="testcases.customerLoginTest" time="3.79">
    <system-out><![CDATA[Thu_Jul_04_00_02_10_BST_2024.jpg
]]></system-out>
  </testcase>
  <testcase name="successfulCustomerLoginTest[{lastname=Chakraborty, firstname=Kuntal}](1)" classname="testcases.customerLoginTest" time="3.149">
    <system-out><![CDATA[Thu_Jul_04_00_02_13_BST_2024.jpg
]]></system-out>
  </testcase>
  <testcase name="addDepositTest[{depositAmount=1089.0}](1)" classname="testcases.CustomerDepositTest" time="1.785">
    <system-out><![CDATA[Thu_Jul_04_00_02_14_BST_2024.jpg
]]></system-out>
  </testcase>
  <testcase name="depositVisibleInTransTest[{Type=Credit, depositAmount=1089.0}](1)" classname="testcases.CustomerDepositTest" time="0.793">
    <system-out><![CDATA[Jul 4 2024 12:02:14 AM
Jul 4 2024 12:02:14 AM
1089
1089.0
Credit
Thu_Jul_04_00_02_15_BST_2024.jpg
]]></system-out>
  </testcase>
  <testcase name="withdrawlAmtEqualToBalTest" classname="testcases.CustomerWithdrawlTest" time="10.068">
    <failure message="no such element: Unable to locate element: {&quot;method&quot;:&quot;xpath&quot;,&quot;selector&quot;:&quot;/html/body/div/div/div[2]/div/div[2]/strong[2]&quot;}&#10;  (Session info: chrome=126.0.6478.127)&#10;For documentation on this error, please visit: https://www.selenium.dev/documentation/webdriver/troubleshooting/errors#no-such-element-exception&#10;Build info: version: &apos;4.18.1&apos;, revision: &apos;b1d3319b48&apos;&#10;System info: os.name: &apos;Windows 10&apos;, os.arch: &apos;amd64&apos;, os.version: &apos;10.0&apos;, java.version: &apos;17.0.11&apos;&#10;Driver info: org.openqa.selenium.chrome.ChromeDriver&#10;Command: [eb0839f08fea499e582766ddb9d6b503, findElement {value=/html/body/div/div/div[2]/div/div[2]/strong[2], using=xpath}]&#10;Capabilities {acceptInsecureCerts: false, browserName: chrome, browserVersion: 126.0.6478.127, chrome: {chromedriverVersion: 126.0.6478.126 (d36ace6122e..., userDataDir: C:\Users\ASUS\AppData\Local...}, fedcm:accounts: true, goog:chromeOptions: {debuggerAddress: localhost:54109}, networkConnectionEnabled: false, pageLoadStrategy: normal, platformName: windows, proxy: Proxy(), se:cdp: ws://localhost:54109/devtoo..., se:cdpVersion: 126.0.6478.127, setWindowRect: true, strictFileInteractability: false, timeouts: {implicit: 0, pageLoad: 300000, script: 30000}, unhandledPromptBehavior: dismiss and notify, webauthn:extension:credBlob: true, webauthn:extension:largeBlob: true, webauthn:extension:minPinLength: true, webauthn:extension:prf: true, webauthn:virtualAuthenticators: true}&#10;Session ID: eb0839f08fea499e582766ddb9d6b503" type="org.openqa.selenium.NoSuchElementException"><![CDATA[org.openqa.selenium.NoSuchElementException: 
no such element: Unable to locate element: {"method":"xpath","selector":"/html/body/div/div/div[2]/div/div[2]/strong[2]"}
  (Session info: chrome=126.0.6478.127)
For documentation on this error, please visit: https://www.selenium.dev/documentation/webdriver/troubleshooting/errors#no-such-element-exception
Build info: version: '4.18.1', revision: 'b1d3319b48'
System info: os.name: 'Windows 10', os.arch: 'amd64', os.version: '10.0', java.version: '17.0.11'
Driver info: org.openqa.selenium.chrome.ChromeDriver
Command: [eb0839f08fea499e582766ddb9d6b503, findElement {value=/html/body/div/div/div[2]/div/div[2]/strong[2], using=xpath}]
Capabilities {acceptInsecureCerts: false, browserName: chrome, browserVersion: 126.0.6478.127, chrome: {chromedriverVersion: 126.0.6478.126 (d36ace6122e..., userDataDir: C:\Users\ASUS\AppData\Local...}, fedcm:accounts: true, goog:chromeOptions: {debuggerAddress: localhost:54109}, networkConnectionEnabled: false, pageLoadStrategy: normal, platformName: windows, proxy: Proxy(), se:cdp: ws://localhost:54109/devtoo..., se:cdpVersion: 126.0.6478.127, setWindowRect: true, strictFileInteractability: false, timeouts: {implicit: 0, pageLoad: 300000, script: 30000}, unhandledPromptBehavior: dismiss and notify, webauthn:extension:credBlob: true, webauthn:extension:largeBlob: true, webauthn:extension:minPinLength: true, webauthn:extension:prf: true, webauthn:virtualAuthenticators: true}
Session ID: eb0839f08fea499e582766ddb9d6b503
	at java.base/jdk.internal.reflect.NativeConstructorAccessorImpl.newInstance0(Native Method)
	at java.base/jdk.internal.reflect.NativeConstructorAccessorImpl.newInstance(NativeConstructorAccessorImpl.java:77)
	at java.base/jdk.internal.reflect.DelegatingConstructorAccessorImpl.newInstance(DelegatingConstructorAccessorImpl.java:45)
	at java.base/java.lang.reflect.Constructor.newInstanceWithCaller(Constructor.java:499)
	at java.base/java.lang.reflect.Constructor.newInstance(Constructor.java:480)
	at org.openqa.selenium.remote.ErrorCodec.decode(ErrorCodec.java:167)
	at org.openqa.selenium.remote.codec.w3c.W3CHttpResponseCodec.decode(W3CHttpResponseCodec.java:138)
	at org.openqa.selenium.remote.codec.w3c.W3CHttpResponseCodec.decode(W3CHttpResponseCodec.java:50)
	at org.openqa.selenium.remote.HttpCommandExecutor.execute(HttpCommandExecutor.java:190)
	at org.openqa.selenium.remote.service.DriverCommandExecutor.invokeExecute(DriverCommandExecutor.java:216)
	at org.openqa.selenium.remote.service.DriverCommandExecutor.execute(DriverCommandExecutor.java:174)
	at org.openqa.selenium.remote.RemoteWebDriver.execute(RemoteWebDriver.java:519)
	at org.openqa.selenium.remote.ElementLocation$ElementFinder$2.findElement(ElementLocation.java:165)
	at org.openqa.selenium.remote.ElementLocation.findElement(ElementLocation.java:59)
	at org.openqa.selenium.remote.RemoteWebDriver.findElement(RemoteWebDriver.java:356)
	at org.openqa.selenium.remote.RemoteWebDriver.findElement(RemoteWebDriver.java:350)
	at testcases.CustomerWithdrawlTest.withdrawlAmtEqualToBalTest(CustomerWithdrawlTest.java:39)
	at java.base/jdk.internal.reflect.NativeMethodAccessorImpl.invoke0(Native Method)
	at java.base/jdk.internal.reflect.NativeMethodAccessorImpl.invoke(NativeMethodAccessorImpl.java:77)
	at java.base/jdk.internal.reflect.DelegatingMethodAccessorImpl.invoke(DelegatingMethodAccessorImpl.java:43)
	at java.base/java.lang.reflect.Method.invoke(Method.java:568)
	at org.testng.internal.invokers.MethodInvocationHelper.invokeMethod(MethodInvocationHelper.java:141)
	at org.testng.internal.invokers.TestInvoker.invokeMethod(TestInvoker.java:686)
	at org.testng.internal.invokers.TestInvoker.invokeTestMethod(TestInvoker.java:230)
	at org.testng.internal.invokers.MethodRunner.runInSequence(MethodRunner.java:63)
	at org.testng.internal.invokers.TestInvoker$MethodInvocationAgent.invoke(TestInvoker.java:992)
	at org.testng.internal.invokers.TestInvoker.invokeTestMethods(TestInvoker.java:203)
	at org.testng.internal.invokers.TestMethodWorker.invokeTestMethods(TestMethodWorker.java:154)
	at org.testng.internal.invokers.TestMethodWorker.run(TestMethodWorker.java:134)
	at java.base/java.util.ArrayList.forEach(ArrayList.java:1511)
	at org.testng.TestRunner.privateRun(TestRunner.java:739)
	at org.testng.TestRunner.run(TestRunner.java:614)
	at org.testng.SuiteRunner.runTest(SuiteRunner.java:421)
	at org.testng.SuiteRunner.runSequentially(SuiteRunner.java:413)
	at org.testng.SuiteRunner.privateRun(SuiteRunner.java:373)
	at org.testng.SuiteRunner.run(SuiteRunner.java:312)
	at org.testng.SuiteRunnerWorker.runSuite(SuiteRunnerWorker.java:52)
	at org.testng.SuiteRunnerWorker.run(SuiteRunnerWorker.java:95)
	at org.testng.TestNG.runSuitesSequentially(TestNG.java:1274)
	at org.testng.TestNG.runSuitesLocally(TestNG.java:1208)
	at org.testng.TestNG.runSuites(TestNG.java:1112)
	at org.testng.TestNG.run(TestNG.java:1079)
	at org.apache.maven.surefire.testng.TestNGExecutor.run(TestNGExecutor.java:308)
	at org.apache.maven.surefire.testng.TestNGXmlTestSuite.execute(TestNGXmlTestSuite.java:71)
	at org.apache.maven.surefire.testng.TestNGProvider.invoke(TestNGProvider.java:113)
	at org.apache.maven.surefire.booter.ForkedBooter.runSuitesInProcess(ForkedBooter.java:385)
	at org.apache.maven.surefire.booter.ForkedBooter.execute(ForkedBooter.java:162)
	at org.apache.maven.surefire.booter.ForkedBooter.run(ForkedBooter.java:507)
	at org.apache.maven.surefire.booter.ForkedBooter.main(ForkedBooter.java:495)
]]></failure>
  </testcase>
  <testcase name="withdrawlAmtLessThanBalTest[{withdrawlAmount=567.0}](1)" classname="testcases.CustomerWithdrawlTest" time="1.825">
    <system-out><![CDATA[Thu_Jul_04_00_02_27_BST_2024.jpg
]]></system-out>
  </testcase>
  <testcase name="withdrawlAmtMoreThanBalTest[{withdrawlAmount=1067.0, errorMsg=Transaction Failed. You can not withdraw amount more than the balance.}](1)" classname="testcases.CustomerWithdrawlTest" time="3.263">
    <system-out><![CDATA[Thu_Jul_04_00_02_30_BST_2024.jpg
]]></system-out>
  </testcase>
</testsuite>