<?xml version="1.0" encoding="UTF-8"?>
<testsuite xmlns:xsi="http://www.w3.org/2001/XMLSchema-instance" xsi:noNamespaceSchemaLocation="https://maven.apache.org/surefire/maven-surefire-plugin/xsd/surefire-test-report-3.0.xsd" version="3.0" name="TestSuite" time="25.053" tests="14" errors="0" skipped="1" failures="0">
  <properties>
[...]
</properties>
  <testcase name="loginAsBankManager" classname="testcases.BankManagerLoginTest" time="3.315">
    <system-out><![CDATA[Wed_Jul_03_01_42_56_BST_2024.jpg
]]></system-out>
    <system-err><![CDATA[SLF4J: Failed to load class "org.slf4j.impl.StaticLoggerBinder".
SLF4J: Defaulting to no-operation (NOP) logger implementation
SLF4J: See http://www.slf4j.org/codes.html#StaticLoggerBinder for further details.
ERROR StatusLogger Log4j2 could not find a logging implementation. Please add log4j-core to the classpath. Using SimpleLogger to log to the console...
log4j:WARN No appenders could be found for logger (devpinoyLogger).
log4j:WARN Please initialize the log4j system properly.
log4j:WARN See http://logging.apache.org/log4j/1.2/faq.html#noconfig for more info.
Jul 03, 2024 1:42:49 AM org.openqa.selenium.devtools.CdpVersionFinder findNearestMatch
WARNING: Unable to find an exact match for CDP version 126, returning the closest version; found: 122; Please update to a Selenium version that supports CDP version 126
]]></system-err>
  </testcase>
  <testcase name="AddNewCustomerTest[{alerttext=Customer added successfully, postcode=abcd334, Runmode=Y, lastname=Chakraborty, firstname=Kuntal}](1)" classname="testcases.addNewCustomerTest" time="1.104">
    <system-out><![CDATA[Customer added successfully with customer id :6
Wed_Jul_03_01_42_57_BST_2024.jpg
]]></system-out>
  </testcase>
  <testcase name="AddNewCustomerTest[{alerttext=Customer added successfully, postcode=ABCDHS78, Runmode=Y, lastname=Roy, firstname=Rahul}](2)" classname="testcases.addNewCustomerTest" time="0.412">
    <system-out><![CDATA[Customer added successfully with customer id :7
Wed_Jul_03_01_42_57_BST_2024.jpg
]]></system-out>
  </testcase>
  <testcase name="AddNewCustomerTest[{alerttext=Customer added successfully, postcode=bhsuj89, Runmode=Y, lastname=Agarwal, firstname=Rounak}](3)" classname="testcases.addNewCustomerTest" time="0.39">
    <system-out><![CDATA[Customer added successfully with customer id :8
Wed_Jul_03_01_42_58_BST_2024.jpg
]]></system-out>
  </testcase>
  <testcase name="AddNewCustomerTest[{alerttext=Customer added successfully, postcode=AHBKS89, Runmode=N, lastname=Singh, firstname=Sapnish}](4)" classname="testcases.addNewCustomerTest" time="0.0">
    <skipped message="Skipping the test case as the Run mode for data set is NO"/>
  </testcase>
  <testcase name="OpenAccountTest[{lastname=Chakraborty, firstname=Kuntal}](1)" classname="testcases.openAccountTest" time="0.933">
    <system-out><![CDATA[Kuntal Chakraborty
Wed_Jul_03_01_42_59_BST_2024.jpg
]]></system-out>
  </testcase>
  <testcase name="customerEnteredExistanceTest[{postcode=abcd334, lastname=Chakraborty, firstname=Kuntal}](1)" classname="testcases.ValidateCustomerEntryTest" time="1.02">
    <system-out><![CDATA[Wed_Jul_03_01_43_00_BST_2024.jpg
]]></system-out>
  </testcase>
  <testcase name="searchBoxWorkingTest[{firstname=Kuntal}](1)" classname="testcases.ValidateCustomerEntryTest" time="0.462">
    <system-out><![CDATA[Wed_Jul_03_01_43_00_BST_2024.jpg
]]></system-out>
  </testcase>
  <testcase name="NavigateToHomeScreenTest" classname="testcases.customerLoginTest" time="0.261">
    <system-out><![CDATA[Wed_Jul_03_01_43_00_BST_2024.jpg
]]></system-out>
  </testcase>
  <testcase name="custLoginTest[{lastname=Chakraborty, firstname=Kuntal}](1)" classname="testcases.customerLoginTest" time="3.809">
    <system-out><![CDATA[Wed_Jul_03_01_43_04_BST_2024.jpg
]]></system-out>
  </testcase>
  <testcase name="successfulCustomerLoginTest[{lastname=Chakraborty, firstname=Kuntal}](1)" classname="testcases.customerLoginTest" time="3.194">
    <system-out><![CDATA[Wed_Jul_03_01_43_07_BST_2024.jpg
]]></system-out>
  </testcase>
  <testcase name="addDepositTest[{depositAmount=1089.0}](1)" classname="testcases.CustomerDepositTest" time="2.19">
    <system-out><![CDATA[Wed_Jul_03_01_43_09_BST_2024.jpg
]]></system-out>
  </testcase>
  <testcase name="depositVisibleInTransTest[{Type=Credit, depositAmount=1089.0}](1)" classname="testcases.CustomerDepositTest" time="0.725">
    <system-out><![CDATA[Jul 3 2024 1:43:09 AM
Jul 3 2024 1:43:09 AM
1089
1089.0
Credit
Wed_Jul_03_01_43_10_BST_2024.jpg
]]></system-out>
  </testcase>
  <testcase name="withdrawlAmtLessThanBalTest[{withdrawlAmount=567.0}](1)" classname="testcases.CustomerWithdrawlTest" time="0.789">
    <system-out><![CDATA[Wed_Jul_03_01_43_11_BST_2024.jpg
]]></system-out>
  </testcase>
</testsuite>