<?xml version="1.0" encoding="UTF-8"?>
<!-- Generated by org.testng.reporters.JUnitXMLReporter -->
<testsuite ignored="0" hostname="KCs-Life" failures="0" tests="4" name="Add New Customer Test" time="2.095" errors="0" timestamp="2024-06-19T00:50:03 BST">
  <testcase classname="testcases.addNewCustomerTest" name="AddNewCustomerTest" time="0.794"/>
  <testcase classname="testcases.addNewCustomerTest" name="AddNewCustomerTest" time="0.248"/>
  <testcase classname="testcases.addNewCustomerTest" name="AddNewCustomerTest" time="0.234"/>
  <testcase classname="testcases.addNewCustomerTest" name="AddNewCustomerTest" time="0.26"/>
</testsuite> <!-- Add New Customer Test -->
