<?xml version="1.0" encoding="UTF-8"?>
<!-- Generated by org.testng.reporters.JUnitXMLReporter -->
<testsuite ignored="0" hostname="KCs-Life" failures="0" tests="2" name="Validate Customer Entry Test" time="1.345" errors="0" timestamp="2024-06-19T00:50:06 BST">
  <testcase classname="testcases.ValidateCustomerEntryTest" name="customerEnteredExistanceTest" time="0.842"/>
  <testcase classname="testcases.ValidateCustomerEntryTest" name="searchBoxWorkingTest" time="0.078"/>
</testsuite> <!-- Validate Customer Entry Test -->
