<?xml version="1.0" encoding="UTF-8"?>
<!-- Generated by org.testng.reporters.JUnitXMLReporter -->
<testsuite ignored="10" hostname="KCs-Life" failures="8" tests="8" name="XYZ Bank Portal Test" time="5.942" errors="0" timestamp="2024-06-16T13:18:47 BST">
  <testcase classname="testcases.BankManagerLoginTest" name="loginAsBankManager" time="1.281">
    <failure type="java.lang.IllegalArgumentException" message="Parameter &amp;apos;destFile&amp;apos; is not a file: C:\Users\ASUS\eclipse-workspace\DataDrivenFrameWork\target">
      <![CDATA[java.lang.IllegalArgumentException: Parameter 'destFile' is not a file: C:\Users\ASUS\eclipse-workspace\DataDrivenFrameWork\target
at org.apache.commons.io.FileUtils.requireFile(FileUtils.java:2819)
at org.apache.commons.io.FileUtils.requireFileIfExists(FileUtils.java:2848)
at org.apache.commons.io.FileUtils.copyFile(FileUtils.java:803)
at org.apache.commons.io.FileUtils.copyFile(FileUtils.java:834)
at org.apache.commons.io.FileUtils.copyFile(FileUtils.java:742)
at utilities.TestUtil.caturingScreenshots(TestUtil.java:29)
at listeners.CustomListeners.onTestSuccess(CustomListeners.java:57)
at java.base/java.util.ArrayList.forEach(ArrayList.java:1511)
... Removed 24 stack frames]]>
    </failure>
  </testcase> <!-- loginAsBankManager -->
  <testcase classname="testcases.AddNewCustomerTest" name="addNewCustomer" time="0.923">
    <failure type="java.lang.IllegalArgumentException" message="Parameter &amp;apos;destFile&amp;apos; is not a file: C:\Users\ASUS\eclipse-workspace\DataDrivenFrameWork\target">
      <![CDATA[java.lang.IllegalArgumentException: Parameter 'destFile' is not a file: C:\Users\ASUS\eclipse-workspace\DataDrivenFrameWork\target
at org.apache.commons.io.FileUtils.requireFile(FileUtils.java:2819)
at org.apache.commons.io.FileUtils.requireFileIfExists(FileUtils.java:2848)
at org.apache.commons.io.FileUtils.copyFile(FileUtils.java:803)
at org.apache.commons.io.FileUtils.copyFile(FileUtils.java:834)
at org.apache.commons.io.FileUtils.copyFile(FileUtils.java:742)
at utilities.TestUtil.caturingScreenshots(TestUtil.java:29)
at listeners.CustomListeners.onTestSuccess(CustomListeners.java:57)
at java.base/java.util.ArrayList.forEach(ArrayList.java:1511)
... Removed 24 stack frames]]>
    </failure>
  </testcase> <!-- addNewCustomer -->
  <testcase classname="testcases.OpenAccountTest" name="openAccount" time="0.903">
    <failure type="java.lang.IllegalArgumentException" message="Parameter &amp;apos;destFile&amp;apos; is not a file: C:\Users\ASUS\eclipse-workspace\DataDrivenFrameWork\target">
      <![CDATA[java.lang.IllegalArgumentException: Parameter 'destFile' is not a file: C:\Users\ASUS\eclipse-workspace\DataDrivenFrameWork\target
at org.apache.commons.io.FileUtils.requireFile(FileUtils.java:2819)
at org.apache.commons.io.FileUtils.requireFileIfExists(FileUtils.java:2848)
at org.apache.commons.io.FileUtils.copyFile(FileUtils.java:803)
at org.apache.commons.io.FileUtils.copyFile(FileUtils.java:834)
at org.apache.commons.io.FileUtils.copyFile(FileUtils.java:742)
at utilities.TestUtil.caturingScreenshots(TestUtil.java:29)
at listeners.CustomListeners.onTestSuccess(CustomListeners.java:57)
at java.base/java.util.ArrayList.forEach(ArrayList.java:1511)
... Removed 24 stack frames]]>
    </failure>
  </testcase> <!-- openAccount -->
  <testcase classname="testcases.ValidateCustomerEntryTest" name="customerEnteredExistanceTest" time="0.926">
    <failure type="java.lang.IllegalArgumentException" message="Parameter &amp;apos;destFile&amp;apos; is not a file: C:\Users\ASUS\eclipse-workspace\DataDrivenFrameWork\target">
      <![CDATA[java.lang.IllegalArgumentException: Parameter 'destFile' is not a file: C:\Users\ASUS\eclipse-workspace\DataDrivenFrameWork\target
at org.apache.commons.io.FileUtils.requireFile(FileUtils.java:2819)
at org.apache.commons.io.FileUtils.requireFileIfExists(FileUtils.java:2848)
at org.apache.commons.io.FileUtils.copyFile(FileUtils.java:803)
at org.apache.commons.io.FileUtils.copyFile(FileUtils.java:834)
at org.apache.commons.io.FileUtils.copyFile(FileUtils.java:742)
at utilities.TestUtil.caturingScreenshots(TestUtil.java:29)
at listeners.CustomListeners.onTestSuccess(CustomListeners.java:57)
at java.base/java.util.ArrayList.forEach(ArrayList.java:1511)
... Removed 24 stack frames]]>
    </failure>
  </testcase> <!-- customerEnteredExistanceTest -->
  <testcase classname="testcases.ValidateCustomerEntryTest" name="searchBoxWorkingTest" time="0.266">
    <failure type="java.lang.IllegalArgumentException" message="Parameter &amp;apos;destFile&amp;apos; is not a file: C:\Users\ASUS\eclipse-workspace\DataDrivenFrameWork\target">
      <![CDATA[java.lang.IllegalArgumentException: Parameter 'destFile' is not a file: C:\Users\ASUS\eclipse-workspace\DataDrivenFrameWork\target
at org.apache.commons.io.FileUtils.requireFile(FileUtils.java:2819)
at org.apache.commons.io.FileUtils.requireFileIfExists(FileUtils.java:2848)
at org.apache.commons.io.FileUtils.copyFile(FileUtils.java:803)
at org.apache.commons.io.FileUtils.copyFile(FileUtils.java:834)
at org.apache.commons.io.FileUtils.copyFile(FileUtils.java:742)
at utilities.TestUtil.caturingScreenshots(TestUtil.java:29)
at listeners.CustomListeners.onTestSuccess(CustomListeners.java:57)
at java.base/java.util.ArrayList.forEach(ArrayList.java:1511)
... Removed 24 stack frames]]>
    </failure>
  </testcase> <!-- searchBoxWorkingTest -->
  <testcase classname="testcases.CustomerLoginTest" name="NavigateToHomeScreenTest" time="0.177">
    <failure type="java.lang.IllegalArgumentException" message="Parameter &amp;apos;destFile&amp;apos; is not a file: C:\Users\ASUS\eclipse-workspace\DataDrivenFrameWork\target">
      <![CDATA[java.lang.IllegalArgumentException: Parameter 'destFile' is not a file: C:\Users\ASUS\eclipse-workspace\DataDrivenFrameWork\target
at org.apache.commons.io.FileUtils.requireFile(FileUtils.java:2819)
at org.apache.commons.io.FileUtils.requireFileIfExists(FileUtils.java:2848)
at org.apache.commons.io.FileUtils.copyFile(FileUtils.java:803)
at org.apache.commons.io.FileUtils.copyFile(FileUtils.java:834)
at org.apache.commons.io.FileUtils.copyFile(FileUtils.java:742)
at utilities.TestUtil.caturingScreenshots(TestUtil.java:29)
at listeners.CustomListeners.onTestSuccess(CustomListeners.java:57)
at java.base/java.util.ArrayList.forEach(ArrayList.java:1511)
... Removed 24 stack frames]]>
    </failure>
  </testcase> <!-- NavigateToHomeScreenTest -->
  <testcase classname="testcases.CustomerLoginTest" name="customerLoginTest" time="0.805">
    <failure type="java.lang.IllegalArgumentException" message="Parameter &amp;apos;destFile&amp;apos; is not a file: C:\Users\ASUS\eclipse-workspace\DataDrivenFrameWork\target">
      <![CDATA[java.lang.IllegalArgumentException: Parameter 'destFile' is not a file: C:\Users\ASUS\eclipse-workspace\DataDrivenFrameWork\target
at org.apache.commons.io.FileUtils.requireFile(FileUtils.java:2819)
at org.apache.commons.io.FileUtils.requireFileIfExists(FileUtils.java:2848)
at org.apache.commons.io.FileUtils.copyFile(FileUtils.java:803)
at org.apache.commons.io.FileUtils.copyFile(FileUtils.java:834)
at org.apache.commons.io.FileUtils.copyFile(FileUtils.java:742)
at utilities.TestUtil.caturingScreenshots(TestUtil.java:29)
at listeners.CustomListeners.onTestSuccess(CustomListeners.java:57)
at java.base/java.util.ArrayList.forEach(ArrayList.java:1511)
... Removed 24 stack frames]]>
    </failure>
  </testcase> <!-- customerLoginTest -->
  <testcase classname="testcases.CustomerLoginTest" name="successfulCustomerLoginTest" time="0.618">
    <failure type="java.lang.IllegalArgumentException" message="Parameter &amp;apos;destFile&amp;apos; is not a file: C:\Users\ASUS\eclipse-workspace\DataDrivenFrameWork\target">
      <![CDATA[java.lang.IllegalArgumentException: Parameter 'destFile' is not a file: C:\Users\ASUS\eclipse-workspace\DataDrivenFrameWork\target
at org.apache.commons.io.FileUtils.requireFile(FileUtils.java:2819)
at org.apache.commons.io.FileUtils.requireFileIfExists(FileUtils.java:2848)
at org.apache.commons.io.FileUtils.copyFile(FileUtils.java:803)
at org.apache.commons.io.FileUtils.copyFile(FileUtils.java:834)
at org.apache.commons.io.FileUtils.copyFile(FileUtils.java:742)
at utilities.TestUtil.caturingScreenshots(TestUtil.java:29)
at listeners.CustomListeners.onTestSuccess(CustomListeners.java:57)
at java.base/java.util.ArrayList.forEach(ArrayList.java:1511)
... Removed 24 stack frames]]>
    </failure>
  </testcase> <!-- successfulCustomerLoginTest -->
  <testcase classname="base.TestBase" name="@BeforeSuite setUp" time="0.0">
    <ignored/>
  </testcase> <!-- @BeforeSuite setUp -->
  <testcase classname="base.TestBase" name="@AfterSuite tearDown" time="0.0">
    <ignored/>
  </testcase> <!-- @AfterSuite tearDown -->
  <testcase classname="base.TestBase" name="@AfterSuite tearDown" time="0.0">
    <ignored/>
  </testcase> <!-- @AfterSuite tearDown -->
  <testcase classname="base.TestBase" name="@BeforeSuite setUp" time="0.0">
    <ignored/>
  </testcase> <!-- @BeforeSuite setUp -->
  <testcase classname="base.TestBase" name="@BeforeSuite setUp" time="0.0">
    <ignored/>
  </testcase> <!-- @BeforeSuite setUp -->
  <testcase classname="base.TestBase" name="@BeforeSuite setUp" time="0.0">
    <ignored/>
  </testcase> <!-- @BeforeSuite setUp -->
  <testcase classname="base.TestBase" name="@AfterSuite tearDown" time="0.0">
    <ignored/>
  </testcase> <!-- @AfterSuite tearDown -->
  <testcase classname="base.TestBase" name="@AfterSuite tearDown" time="0.0">
    <ignored/>
  </testcase> <!-- @AfterSuite tearDown -->
  <testcase classname="base.TestBase" name="@AfterSuite tearDown" time="0.0">
    <ignored/>
  </testcase> <!-- @AfterSuite tearDown -->
  <testcase classname="base.TestBase" name="@BeforeSuite setUp" time="0.0">
    <ignored/>
  </testcase> <!-- @BeforeSuite setUp -->
</testsuite> <!-- XYZ Bank Portal Test -->
