<?xml version="1.0" encoding="UTF-8"?>
<testsuite name="Customer Login Test"
           tests="3"
           failures="0"
           errors="0"
           skipped="0"
           time="6.733">
  <properties />
  
  
            <testcase name="custLoginTest" time="3.642" classname="testcases.customerLoginTest" />
                <testcase name="NavigateToHomeScreenTest" time="0.068" classname="testcases.customerLoginTest" />
                <testcase name="successfulCustomerLoginTest" time="3.023" classname="testcases.customerLoginTest" />
      
</testsuite>
