<?xml version="1.0" encoding="UTF-8"?>
<testsuite name="Customer Login Test"
           tests="3"
           failures="0"
           errors="0"
           skipped="0"
           time="6.843">
  <properties />
  
  
            <testcase name="successfulCustomerLoginTest" time="3.030" classname="testcases.customerLoginTest" />
                <testcase name="NavigateToHomeScreenTest" time="0.074" classname="testcases.customerLoginTest" />
                <testcase name="custLoginTest" time="3.739" classname="testcases.customerLoginTest" />
      
</testsuite>
