<?xml version="1.0" encoding="UTF-8"?>
<testsuite name="Add New Customer Test"
           tests="4"
           failures="0"
           errors="0"
           skipped="0"
           time="1.666">
  <properties />
  
  
            <testcase name="AddNewCustomerTest" time="0.261" classname="testcases.addNewCustomerTest" />
                <testcase name="AddNewCustomerTest" time="0.891" classname="testcases.addNewCustomerTest" />
                <testcase name="AddNewCustomerTest" time="0.265" classname="testcases.addNewCustomerTest" />
                <testcase name="AddNewCustomerTest" time="0.249" classname="testcases.addNewCustomerTest" />
      
</testsuite>
